app/build/outputs/logs/manifest-merger-debug-report.txt
-- Merging decision tree log ---
manifest
ADDED from src\main\AndroidManifest.xml:2:1-84:12
	package
		ADDED from src\main\AndroidManifest.xml:3:5-32
		INJECTED from src\main\AndroidManifest.xml
		INJECTED from src\main\AndroidManifest.xml
	android:versionName
		ADDED from src\main\AndroidManifest.xml:5:5-31
		INJECTED from src\main\AndroidManifest.xml
		INJECTED from src\main\AndroidManifest.xml
	android:versionCode
		ADDED from src\main\AndroidManifest.xml:4:5-28
		INJECTED from src\main\AndroidManifest.xml
		INJECTED from src\main\AndroidManifest.xml
	xmlns:android
		ADDED from src\main\AndroidManifest.xml:2:11-69
uses-sdk
ADDED from src\main\AndroidManifest.xml:7:5-44
MERGED from [com.android.support.constraint:constraint-layout:1.0.2] AndroidManifest.xml:5:5-7:41
MERGED from [com.android.support:appcompat-v7:23.4.0] AndroidManifest.xml:21:5-23:78
MERGED from [com.android.support:animated-vector-drawable:23.4.0] AndroidManifest.xml:5:5-44
MERGED from [com.android.support:support-vector-drawable:23.4.0] AndroidManifest.xml:5:5-43
MERGED from [com.android.support:support-v4:26.0.0-alpha1] AndroidManifest.xml:21:5-23:54
MERGED from [com.android.support:support-media-compat:26.0.0-alpha1] AndroidManifest.xml:21:5-23:63
MERGED from [com.android.support:support-fragment:26.0.0-alpha1] AndroidManifest.xml:21:5-23:60
MERGED from [com.android.support:support-core-ui:26.0.0-alpha1] AndroidManifest.xml:21:5-23:58
MERGED from [com.android.support:support-core-utils:26.0.0-alpha1] AndroidManifest.xml:21:5-23:61
MERGED from [com.android.support:support-compat:26.0.0-alpha1] AndroidManifest.xml:21:5-23:58
	tools:overrideLibrary
		ADDED from [com.android.support:appcompat-v7:23.4.0] AndroidManifest.xml:23:9-75
	android:targetSdkVersion
		INJECTED from src\main\AndroidManifest.xml
		INJECTED from src\main\AndroidManifest.xml
	android:minSdkVersion
		ADDED from src\main\AndroidManifest.xml:7:15-41
		INJECTED from src\main\AndroidManifest.xml
		INJECTED from src\main\AndroidManifest.xml
uses-feature#android.hardware.usb.host
ADDED from src\main\AndroidManifest.xml:9:5-62
	android:name
		ADDED from src\main\AndroidManifest.xml:9:19-59
instrumentation
ADDED from src\main\AndroidManifest.xml:11:5-14:51
	android:label
		ADDED from src\main\AndroidManifest.xml:13:9-41
	android:targetPackage
		ADDED from src\main\AndroidManifest.xml:14:9-48
	android:name
		ADDED from src\main\AndroidManifest.xml:12:9-62
uses-permission#android.permission.WRITE_EXTERNAL_STORAGE
ADDED from src\main\AndroidManifest.xml:16:5-81
	android:name
		ADDED from src\main\AndroidManifest.xml:16:22-78
uses-permission#android.permission.READ_PHONE_STATE
ADDED from src\main\AndroidManifest.xml:17:5-75
	android:name
		ADDED from src\main\AndroidManifest.xml:17:22-72
uses-permission#android.permission.READ_EXTERNAL_STORAGE
ADDED from src\main\AndroidManifest.xml:18:5-80
	android:name
		ADDED from src\main\AndroidManifest.xml:18:22-77
uses-permission#android.permission.CHANGE_NETWORK_STATE
ADDED from src\main\AndroidManifest.xml:20:5-79
	android:name
		ADDED from src\main\AndroidManifest.xml:20:22-76
uses-permission#android.permission.CHANGE_WIFI_STATE
ADDED from src\main\AndroidManifest.xml:23:5-76
	android:name
		ADDED from src\main\AndroidManifest.xml:23:22-73
uses-permission#android.permission.ACCESS_NETWORK_STATE
ADDED from src\main\AndroidManifest.xml:26:5-79
	android:name
		ADDED from src\main\AndroidManifest.xml:26:22-76
uses-permission#android.permission.ACCESS_WIFI_STATE
ADDED from src\main\AndroidManifest.xml:29:5-76
	android:name
		ADDED from src\main\AndroidManifest.xml:29:22-73
uses-permission#android.permission.INTERNET
ADDED from src\main\AndroidManifest.xml:32:5-67
	android:name
		ADDED from src\main\AndroidManifest.xml:32:22-64
uses-permission#android.permission.GET_ACCOUNTS
ADDED from src\main\AndroidManifest.xml:35:5-71
	android:name
		ADDED from src\main\AndroidManifest.xml:35:22-68
uses-permission#android.permission.READ_PROFILE
ADDED from src\main\AndroidManifest.xml:36:5-71
	android:name
		ADDED from src\main\AndroidManifest.xml:36:22-68
uses-permission#android.permission.READ_CONTACTS
ADDED from src\main\AndroidManifest.xml:37:5-72
	android:name
		ADDED from src\main\AndroidManifest.xml:37:22-69
application
ADDED from src\main\AndroidManifest.xml:39:5-82:19
MERGED from [com.android.support.constraint:constraint-layout:1.0.2] AndroidManifest.xml:9:5-20
MERGED from [com.android.support:appcompat-v7:23.4.0] AndroidManifest.xml:25:5-20
MERGED from [com.android.support:animated-vector-drawable:23.4.0] AndroidManifest.xml:7:5-20
MERGED from [com.android.support:support-vector-drawable:23.4.0] AndroidManifest.xml:7:5-20
MERGED from [com.android.support:support-v4:26.0.0-alpha1] AndroidManifest.xml:29:5-20
MERGED from [com.android.support:support-media-compat:26.0.0-alpha1] AndroidManifest.xml:29:5-20
MERGED from [com.android.support:support-fragment:26.0.0-alpha1] AndroidManifest.xml:29:5-20
MERGED from [com.android.support:support-core-ui:26.0.0-alpha1] AndroidManifest.xml:29:5-20
MERGED from [com.android.support:support-core-utils:26.0.0-alpha1] AndroidManifest.xml:29:5-20
MERGED from [com.android.support:support-compat:26.0.0-alpha1] AndroidManifest.xml:29:5-20
	android:label
		ADDED from src\main\AndroidManifest.xml:41:9-41
	android:icon
		ADDED from src\main\AndroidManifest.xml:40:9-38
activity#com.ftdi.j2xx.hyperterm.J2xxHyperTerm
ADDED from src\main\AndroidManifest.xml:42:9-60:20
	android:label
		ADDED from src\main\AndroidManifest.xml:45:13-45
	android:launchMode
		ADDED from src\main\AndroidManifest.xml:46:13-44
	android:configChanges
		ADDED from src\main\AndroidManifest.xml:44:13-74
	android:theme
		ADDED from src\main\AndroidManifest.xml:47:13-60
	android:name
		ADDED from src\main\AndroidManifest.xml:43:13-65
intent-filter#android.intent.action.MAIN+android.intent.category.LAUNCHER
ADDED from src\main\AndroidManifest.xml:48:13-52:29
action#android.intent.action.MAIN
ADDED from src\main\AndroidManifest.xml:49:17-69
	android:name
		ADDED from src\main\AndroidManifest.xml:49:25-66
category#android.intent.category.LAUNCHER
ADDED from src\main\AndroidManifest.xml:51:17-77
	android:name
		ADDED from src\main\AndroidManifest.xml:51:27-74
intent-filter#android.hardware.usb.action.USB_DEVICE_ATTACHED
ADDED from src\main\AndroidManifest.xml:53:13-55:29
action#android.hardware.usb.action.USB_DEVICE_ATTACHED
ADDED from src\main\AndroidManifest.xml:54:17-90
	android:name
		ADDED from src\main\AndroidManifest.xml:54:25-87
meta-data#android.hardware.usb.action.USB_DEVICE_ATTACHED
ADDED from src\main\AndroidManifest.xml:57:13-59:57
	android:resource
		ADDED from src\main\AndroidManifest.xml:59:17-54
	android:name
		ADDED from src\main\AndroidManifest.xml:58:17-79
activity#com.ftdi.j2xx.hyperterm.SmallOperation
ADDED from src\main\AndroidManifest.xml:61:9-64:63
	android:label
		ADDED from src\main\AndroidManifest.xml:63:13-45
	android:theme
		ADDED from src\main\AndroidManifest.xml:64:13-60
	android:name
		ADDED from src\main\AndroidManifest.xml:62:13-66
activity#com.ftdi.j2xx.hyperterm.SmallTabData
ADDED from src\main\AndroidManifest.xml:65:9-68:63
	android:label
		ADDED from src\main\AndroidManifest.xml:67:13-45
	android:theme
		ADDED from src\main\AndroidManifest.xml:68:13-60
	android:name
		ADDED from src\main\AndroidManifest.xml:66:13-64
activity#com.ftdi.j2xx.hyperterm.SmallTabCommand
ADDED from src\main\AndroidManifest.xml:69:9-72:63
	android:label
		ADDED from src\main\AndroidManifest.xml:71:13-45
	android:theme
		ADDED from src\main\AndroidManifest.xml:72:13-60
	android:name
		ADDED from src\main\AndroidManifest.xml:70:13-67
activity#com.ftdi.j2xx.hyperterm.SmallTabArea
ADDED from src\main\AndroidManifest.xml:73:9-76:63
	android:label
		ADDED from src\main\AndroidManifest.xml:75:13-45
	android:theme
		ADDED from src\main\AndroidManifest.xml:76:13-60
	android:name
		ADDED from src\main\AndroidManifest.xml:74:13-64
activity#com.Acitivity.SoketActivity
ADDED from src\main\AndroidManifest.xml:77:9-64
	android:name
		ADDED from src\main\AndroidManifest.xml:77:19-61
activity#com.Acitivity.AesActivity
ADDED from src\main\AndroidManifest.xml:78:9-62
	android:name
		ADDED from src\main\AndroidManifest.xml:78:19-59
activity#com.Acitivity.LoginActivity
ADDED from src\main\AndroidManifest.xml:79:9-81:24
	android:name
		ADDED from src\main\AndroidManifest.xml:80:13-55
meta-data#android.support.VERSION
ADDED from [com.android.support:support-v4:26.0.0-alpha1] AndroidManifest.xml:25:5-27:41
MERGED from [com.android.support:support-media-compat:26.0.0-alpha1] AndroidManifest.xml:25:5-27:41
MERGED from [com.android.support:support-fragment:26.0.0-alpha1] AndroidManifest.xml:25:5-27:41
MERGED from [com.android.support:support-core-ui:26.0.0-alpha1] AndroidManifest.xml:25:5-27:41
MERGED from [com.android.support:support-core-utils:26.0.0-alpha1] AndroidManifest.xml:25:5-27:41
MERGED from [com.android.support:support-compat:26.0.0-alpha1] AndroidManifest.xml:25:5-27:41
	android:value
		ADDED from [com.android.support:support-v4:26.0.0-alpha1] AndroidManifest.xml:27:9-38
	android:name
		ADDED from [com.android.support:support-v4:26.0.0-alpha1] AndroidManifest.xml:26:9-47